(---------------------------------------------------------------------)
(                                                                     )
(    IPC2581 Export                                                   )
(                                                                     )
(    Software Version : 17.2S037                                      )
(    Date/Time        : Thu Apr 12 20:20:54 2018                      )
(                                                                     )
(---------------------------------------------------------------------)




Collecting net list ...



Collecting package defintions ...

WARNING:  Multiple PLACE_BOUND outlines defined for the package "XTEND-DIGI-MODEM".
  An overall bounding box has been exported.
WARNING: No PLACE_BOUND outline found for the package "MOUNTING_HOLE1", IGNORED.


Collecting component descriptions ...

WARNING: No PLACE_BOUND outline found for the symbol located at (4.000, 46.000), (SymbolName="MOUNTING_HOLE1"), IGNORED.
WARNING: No PLACE_BOUND outline found for the symbol located at (96.000, 46.000), (SymbolName="MOUNTING_HOLE1"), IGNORED.
WARNING: No PLACE_BOUND outline found for the symbol located at (96.000, 4.000), (SymbolName="MOUNTING_HOLE1"), IGNORED.
WARNING: No PLACE_BOUND outline found for the symbol located at (4.000, 4.000), (SymbolName="MOUNTING_HOLE1"), IGNORED.


Collecting BOM items ...



Property configuration file: C:/Users/shannonh/Desktop/Assignments/PCB_Capture Tutorials/PCB Tutorial/Video11_Manufacturing Export/ipc2581_attr_config.atr
IPC2581 file: PCB EDITOR TUTORIAL
IPC2581 version: IPC2581-B
BRD file: C:/Users/shannonh/Desktop/Assignments/PCB_Capture Tutorials/PCB Tutorial/Video11_Manufacturing Export/PCB EDITOR TUTORIAL.brd
IPC2581 units: MILLIMETER
Global package pin1 orientation: OTHER
Default symbol height: 3.81
Export drill information?: YES
Export BOM information?: YES
Export component descriptions?: YES
Export component packages?: YES
Export land patterns?: YES
Export device descriptions?: YES
Export net list?: YES
Export hierarchical layer/stack instance?: NO
Export Outer Copper Layers?: YES
Export Inner Layers?: YES
Export Documentation Layers?: YES
Export Miscellaneous Image Layers?: YES
Export SolderMask/SolderPaste Legend Layers?: YES
Export vector text?: YES
Export cavities?: NO
Export padstack definitions?: NO
Export zip file?: YES
a2ipc2581 complete.
